{
"contracts/MyContracts.sol":{"l":{"13":6,"19":1,"24":2},"path":"/Users/sukonratkanjanasuttiyakorn/Desktop/solidity-project/contracts/MyContracts.sol","s":{"1":6,"2":1,"3":2},"b":{},"f":{"1":6,"2":1,"3":2},"fnMap":{"1":{"name":"constructor","line":12,"loc":{"start":{"line":12,"column":4},"end":{"line":15,"column":4}}},"2":{"name":"changeName","line":18,"loc":{"start":{"line":18,"column":4},"end":{"line":20,"column":4}}},"3":{"name":"getName","line":23,"loc":{"start":{"line":23,"column":4},"end":{"line":25,"column":4}}}},"statementMap":{"1":{"start":{"line":13,"column":8},"end":{"line":13,"column":19}},"2":{"start":{"line":19,"column":8},"end":{"line":19,"column":19}},"3":{"start":{"line":24,"column":8},"end":{"line":24,"column":19}}},"branchMap":{}}}
